Using pre-set license
Built from '2021.3/staging' branch; Version is '2021.3.18f1 (3129e69bc0c7) revision 3221990'; Using compiler version '192829333'; Build Type 'Release'
OS: 'Windows 10  (10.0.19045) 64bit Professional' Language: 'es' Physical Memory: 8035 MB
BatchMode: 1, IsHumanControllingUs: 0, StartBugReporterOnCrash: 0, Is64bit: 1, IsPro: 1

COMMAND LINE ARGUMENTS:
C:\Program Files\Unity\Hub\Editor\2021.3.18f1\Editor\Unity.exe
-adb2
-batchMode
-noUpm
-name
AssetImportWorker1
-projectPath
C:/Users/carme/OneDrive/Documentos/GitHub/IHM-princessPoject/Unity/Little_Princess
-logFile
Logs/AssetImportWorker1.log
-srvPort
58800
Successfully changed project path to: C:/Users/carme/OneDrive/Documentos/GitHub/IHM-princessPoject/Unity/Little_Princess
C:/Users/carme/OneDrive/Documentos/GitHub/IHM-princessPoject/Unity/Little_Princess
[UnityMemory] Configuration Parameters - Can be set up in boot.config
    "memorysetup-bucket-allocator-granularity=16"
    "memorysetup-bucket-allocator-bucket-count=8"
    "memorysetup-bucket-allocator-block-size=33554432"
    "memorysetup-bucket-allocator-block-count=8"
    "memorysetup-main-allocator-block-size=16777216"
    "memorysetup-thread-allocator-block-size=16777216"
    "memorysetup-gfx-main-allocator-block-size=16777216"
    "memorysetup-gfx-thread-allocator-block-size=16777216"
    "memorysetup-cache-allocator-block-size=4194304"
    "memorysetup-typetree-allocator-block-size=2097152"
    "memorysetup-profiler-bucket-allocator-granularity=16"
    "memorysetup-profiler-bucket-allocator-bucket-count=8"
    "memorysetup-profiler-bucket-allocator-block-size=33554432"
    "memorysetup-profiler-bucket-allocator-block-count=8"
    "memorysetup-profiler-allocator-block-size=16777216"
    "memorysetup-profiler-editor-allocator-block-size=1048576"
    "memorysetup-temp-allocator-size-main=16777216"
    "memorysetup-job-temp-allocator-block-size=2097152"
    "memorysetup-job-temp-allocator-block-size-background=1048576"
    "memorysetup-job-temp-allocator-reduction-small-platforms=262144"
    "memorysetup-temp-allocator-size-background-worker=32768"
    "memorysetup-temp-allocator-size-job-worker=262144"
    "memorysetup-temp-allocator-size-preload-manager=33554432"
    "memorysetup-temp-allocator-size-nav-mesh-worker=65536"
    "memorysetup-temp-allocator-size-audio-worker=65536"
    "memorysetup-temp-allocator-size-cloud-worker=32768"
    "memorysetup-temp-allocator-size-gi-baking-worker=262144"
    "memorysetup-temp-allocator-size-gfx=262144"
Player connection [14756] Host "[IP] 192.168.56.1 [Port] 0 [Flags] 2 [Guid] 640823409 [EditorId] 640823409 [Version] 1048832 [Id] WindowsEditor(7,DESKTOP-9HCS5K4) [Debug] 1 [PackageName] WindowsEditor [ProjectName] Editor" joined multi-casting on [225.0.0.222:54997]...

Player connection [14756] Host "[IP] 192.168.56.1 [Port] 0 [Flags] 2 [Guid] 640823409 [EditorId] 640823409 [Version] 1048832 [Id] WindowsEditor(7,DESKTOP-9HCS5K4) [Debug] 1 [PackageName] WindowsEditor [ProjectName] Editor" joined alternative multi-casting on [225.0.0.222:34997]...

Refreshing native plugins compatible for Editor in 143.96 ms, found 3 plugins.
Preloading 0 native plugins for Editor in 0.00 ms.
Initialize engine version: 2021.3.18f1 (3129e69bc0c7)
[Subsystems] Discovering subsystems at path C:/Program Files/Unity/Hub/Editor/2021.3.18f1/Editor/Data/Resources/UnitySubsystems
[Subsystems] Discovering subsystems at path C:/Users/carme/OneDrive/Documentos/GitHub/IHM-princessPoject/Unity/Little_Princess/Assets
GfxDevice: creating device client; threaded=0; jobified=0
Direct3D:
    Version:  Direct3D 11.0 [level 11.1]
    Renderer: Intel(R) HD Graphics 620 (ID=0x5916)
    Vendor:   Intel
    VRAM:     4017 MB
    Driver:   27.20.100.8854
Initialize mono
Mono path[0] = 'C:/Program Files/Unity/Hub/Editor/2021.3.18f1/Editor/Data/Managed'
Mono path[1] = 'C:/Program Files/Unity/Hub/Editor/2021.3.18f1/Editor/Data/MonoBleedingEdge/lib/mono/unityjit-win32'
Mono config path = 'C:/Program Files/Unity/Hub/Editor/2021.3.18f1/Editor/Data/MonoBleedingEdge/etc'
Using monoOptions --debugger-agent=transport=dt_socket,embedding=1,server=y,suspend=n,address=127.0.0.1:56144
Begin MonoManager ReloadAssembly
Registering precompiled unity dll's ...
Register platform support module: C:/Program Files/Unity/Hub/Editor/2021.3.18f1/Editor/Data/PlaybackEngines/WebGLSupport/UnityEditor.WebGL.Extensions.dll
Register platform support module: C:/Program Files/Unity/Hub/Editor/2021.3.18f1/Editor/Data/PlaybackEngines/WindowsStandaloneSupport/UnityEditor.WindowsStandalone.Extensions.dll
Registered in 0.014860 seconds.
Native extension for WindowsStandalone target not found
Native extension for WebGL target not found
Refreshing native plugins compatible for Editor in 136.79 ms, found 3 plugins.
Preloading 0 native plugins for Editor in 0.00 ms.
Mono: successfully reloaded assembly
- Completed reload, in  1.002 seconds
Domain Reload Profiling:
	ReloadAssembly (1003ms)
		BeginReloadAssembly (135ms)
			ExecutionOrderSort (0ms)
			DisableScriptedObjects (0ms)
			BackupInstance (0ms)
			ReleaseScriptingObjects (0ms)
			CreateAndSetChildDomain (1ms)
		EndReloadAssembly (681ms)
			LoadAssemblies (132ms)
			RebuildTransferFunctionScriptingTraits (0ms)
			SetupTypeCache (149ms)
			ReleaseScriptCaches (0ms)
			RebuildScriptCaches (40ms)
			SetupLoadedEditorAssemblies (418ms)
				LogAssemblyErrors (0ms)
				InitializePlatformSupportModulesInManaged (14ms)
				SetLoadedEditorAssemblies (0ms)
				RefreshPlugins (137ms)
				BeforeProcessingInitializeOnLoad (2ms)
				ProcessInitializeOnLoadAttributes (198ms)
				ProcessInitializeOnLoadMethodAttributes (67ms)
				AfterProcessingInitializeOnLoad (0ms)
				EditorAssembliesLoaded (0ms)
			ExecutionOrderSort2 (0ms)
			AwakeInstancesAfterBackupRestoration (0ms)
Platform modules already initialized, skipping
Registering precompiled user dll's ...
Registered in 0.010977 seconds.
Begin MonoManager ReloadAssembly
Symbol file LoadedFromMemory doesn't match image C:\Users\carme\OneDrive\Documentos\GitHub\IHM-princessPoject\Unity\Little_Princess\Library\PackageCache\com.unity.visualscripting@1.8.0\Editor\VisualScripting.Core\Dependencies\YamlDotNet\Unity.VisualScripting.YamlDotNet.dll
Symbol file LoadedFromMemory doesn't match image C:\Users\carme\OneDrive\Documentos\GitHub\IHM-princessPoject\Unity\Little_Princess\Library\PackageCache\com.unity.visualscripting@1.8.0\Editor\VisualScripting.Core\Dependencies\DotNetZip\Unity.VisualScripting.IonicZip.dll
Native extension for WindowsStandalone target not found
Native extension for WebGL target not found
Refreshing native plugins compatible for Editor in 0.91 ms, found 3 plugins.
Preloading 0 native plugins for Editor in 0.00 ms.
Mono: successfully reloaded assembly
- Completed reload, in  1.638 seconds
Domain Reload Profiling:
	ReloadAssembly (1639ms)
		BeginReloadAssembly (173ms)
			ExecutionOrderSort (0ms)
			DisableScriptedObjects (7ms)
			BackupInstance (0ms)
			ReleaseScriptingObjects (0ms)
			CreateAndSetChildDomain (26ms)
		EndReloadAssembly (1296ms)
			LoadAssemblies (150ms)
			RebuildTransferFunctionScriptingTraits (0ms)
			SetupTypeCache (377ms)
			ReleaseScriptCaches (1ms)
			RebuildScriptCaches (77ms)
			SetupLoadedEditorAssemblies (658ms)
				LogAssemblyErrors (0ms)
				InitializePlatformSupportModulesInManaged (14ms)
				SetLoadedEditorAssemblies (1ms)
				RefreshPlugins (1ms)
				BeforeProcessingInitializeOnLoad (223ms)
				ProcessInitializeOnLoadAttributes (378ms)
				ProcessInitializeOnLoadMethodAttributes (27ms)
				AfterProcessingInitializeOnLoad (14ms)
				EditorAssembliesLoaded (0ms)
			ExecutionOrderSort2 (0ms)
			AwakeInstancesAfterBackupRestoration (12ms)
Platform modules already initialized, skipping
========================================================================
Worker process is ready to serve import requests
Launched and connected shader compiler UnityShaderCompiler.exe after 0.14 seconds
Refreshing native plugins compatible for Editor in 0.95 ms, found 3 plugins.
Preloading 0 native plugins for Editor in 0.00 ms.
Unloading 3446 Unused Serialized files (Serialized files now loaded: 0)
Unloading 49 unused Assets / (1.4 MB). Loaded Objects now: 3912.
Memory consumption went from 219.7 MB to 218.3 MB.
Total: 4.134300 ms (FindLiveObjects: 0.397400 ms CreateObjectMapping: 0.359800 ms MarkObjects: 3.024500 ms  DeleteObjects: 0.350800 ms)

AssetImportParameters requested are different than current active one (requested -> active):
  custom:video-decoder-ogg-theora: a1e56fd34408186e4bbccfd4996cb3dc -> 
  custom:container-muxer-webm: aa71ff27fc2769a1b78a27578f13a17b -> 
  custom:container-demuxer-webm: 4f35f7cbe854078d1ac9338744f61a02 -> 
  custom:video-encoder-webm-vp8: eb34c28f22e8b96e1ab97ce403110664 -> 
  custom:audio-encoder-webm-vorbis: bf7c407c2cedff20999df2af8eb42d56 -> 
  custom:framework-win-MediaFoundation: 216162199b28c13a410421893ffa2e32 -> 
  custom:container-demuxer-ogg: 62fdf1f143b41e24485cea50d1cbac27 -> 
  custom:video-decoder-webm-vp8: 9c59270c3fd7afecdb556c50c9e8de78 -> 
  custom:audio-decoder-ogg-vorbis: bf7c407c2cedff20999df2af8eb42d56 -> 
========================================================================
Received Import Request.
  Time since last request: 332772.262316 seconds.
  path: Assets/Imports/Ultimate Fantasy RTS-zip/House/Houses_SecondAge_3_Level1.fbx
  artifactKey: Guid(c7498715189c6d84d9a848e786c37775) Importer(815301076,1909f56bfc062723c751e8b465ee728b)
Start importing Assets/Imports/Ultimate Fantasy RTS-zip/House/Houses_SecondAge_3_Level1.fbx using Guid(c7498715189c6d84d9a848e786c37775) Importer(815301076,1909f56bfc062723c751e8b465ee728b)  -> (artifact id: '4608eb2561d84cac2ae37f0ebfec6849') in 0.389136 seconds 
========================================================================
Received Import Request.
  Time since last request: 0.000050 seconds.
  path: Assets/Imports/Ultimate Fantasy RTS-zip/Wooden Monument/Wonder_FirstAge_Level1.fbx
  artifactKey: Guid(ea68509c35a32ee48a40a95f6a9dbc3f) Importer(815301076,1909f56bfc062723c751e8b465ee728b)
Start importing Assets/Imports/Ultimate Fantasy RTS-zip/Wooden Monument/Wonder_FirstAge_Level1.fbx using Guid(ea68509c35a32ee48a40a95f6a9dbc3f) Importer(815301076,1909f56bfc062723c751e8b465ee728b)  -> (artifact id: '8ba4e1ebacc186b7adbf635945251bf1') in 0.062960 seconds 
========================================================================
Received Import Request.
  Time since last request: 0.000042 seconds.
  path: Assets/Imports/Ultimate Fantasy RTS-zip/Wooden Wall/WallTowers_FirstAge.fbx
  artifactKey: Guid(6396fd2be4ee274448ee1f587340d49f) Importer(815301076,1909f56bfc062723c751e8b465ee728b)
Start importing Assets/Imports/Ultimate Fantasy RTS-zip/Wooden Wall/WallTowers_FirstAge.fbx using Guid(6396fd2be4ee274448ee1f587340d49f) Importer(815301076,1909f56bfc062723c751e8b465ee728b)  -> (artifact id: '6ae3ab19297c1622ea18a9f19219d69d') in 0.051070 seconds 
========================================================================
Received Import Request.
  Time since last request: 0.000023 seconds.
  path: Assets/Imports/Ultimate Fantasy RTS-zip/Tower House/TowerHouse_SecondAge.fbx
  artifactKey: Guid(5b03df3b8895117488dcb5297d57c042) Importer(815301076,1909f56bfc062723c751e8b465ee728b)
Start importing Assets/Imports/Ultimate Fantasy RTS-zip/Tower House/TowerHouse_SecondAge.fbx using Guid(5b03df3b8895117488dcb5297d57c042) Importer(815301076,1909f56bfc062723c751e8b465ee728b)  -> (artifact id: '65c0e31f28b59e6d7c9c6fd08a5f4bc9') in 0.078257 seconds 
========================================================================
Received Import Request.
  Time since last request: 0.000043 seconds.
  path: Assets/Imports/Ultimate Fantasy RTS-zip/Wall Towers Door Seco/WallTowers_Door_SecondAge.fbx
  artifactKey: Guid(9a2ea7a191a29cb4b9ca0c1dc4acf803) Importer(815301076,1909f56bfc062723c751e8b465ee728b)
Start importing Assets/Imports/Ultimate Fantasy RTS-zip/Wall Towers Door Seco/WallTowers_Door_SecondAge.fbx using Guid(9a2ea7a191a29cb4b9ca0c1dc4acf803) Importer(815301076,1909f56bfc062723c751e8b465ee728b)  -> (artifact id: 'bdf2f93da319307ef0e1f71a1d73d90e') in 0.064587 seconds 
========================================================================
Received Import Request.
  Time since last request: 0.000028 seconds.
  path: Assets/Imports/Ultimate Fantasy RTS-zip/Town Center-76GTkSh4KM/TownCenter_FirstAge_Level3.fbx
  artifactKey: Guid(e5d4d020ebb20874d95dd9413856cff1) Importer(815301076,1909f56bfc062723c751e8b465ee728b)
Start importing Assets/Imports/Ultimate Fantasy RTS-zip/Town Center-76GTkSh4KM/TownCenter_FirstAge_Level3.fbx using Guid(e5d4d020ebb20874d95dd9413856cff1) Importer(815301076,1909f56bfc062723c751e8b465ee728b)  -> (artifact id: '69c91cbe9425900f7ab508f2e027a7a9') in 0.062381 seconds 
========================================================================
Received Import Request.
  Time since last request: 0.000036 seconds.
  path: Assets/Imports/Ultimate Fantasy RTS-zip/Windmill/Windmill_SecondAge.fbx
  artifactKey: Guid(c458de5a1d9e9d94c9dc7282494ee4db) Importer(815301076,1909f56bfc062723c751e8b465ee728b)
Start importing Assets/Imports/Ultimate Fantasy RTS-zip/Windmill/Windmill_SecondAge.fbx using Guid(c458de5a1d9e9d94c9dc7282494ee4db) Importer(815301076,1909f56bfc062723c751e8b465ee728b)  -> (artifact id: 'f1b9e23851fc2ca2ca263f2f44f50ed2') in 0.082168 seconds 
========================================================================
Received Import Request.
  Time since last request: 0.000023 seconds.
  path: Assets/Imports/Ultimate Fantasy RTS-zip/Wooden Fortress/Wonder_FirstAge_Level2.fbx
  artifactKey: Guid(dcba847002ce5654e9f30f5d9604b6c7) Importer(815301076,1909f56bfc062723c751e8b465ee728b)
Start importing Assets/Imports/Ultimate Fantasy RTS-zip/Wooden Fortress/Wonder_FirstAge_Level2.fbx using Guid(dcba847002ce5654e9f30f5d9604b6c7) Importer(815301076,1909f56bfc062723c751e8b465ee728b)  -> (artifact id: '0106e86ad5d4c14bc8cceb77323badc6') in 0.064987 seconds 
========================================================================
Received Import Request.
  Time since last request: 0.000023 seconds.
  path: Assets/Imports/Ultimate Fantasy RTS-zip/Storage Hut/Storage_FirstAge_Level1.fbx
  artifactKey: Guid(c5d35a8338719fd4fabea92af44e260b) Importer(815301076,1909f56bfc062723c751e8b465ee728b)
Start importing Assets/Imports/Ultimate Fantasy RTS-zip/Storage Hut/Storage_FirstAge_Level1.fbx using Guid(c5d35a8338719fd4fabea92af44e260b) Importer(815301076,1909f56bfc062723c751e8b465ee728b)  -> (artifact id: 'f388b06af20a770806d18a37e0c71962') in 0.051650 seconds 
========================================================================
Received Import Request.
  Time since last request: 0.000039 seconds.
  path: Assets/Imports/Ultimate Fantasy RTS-zip/Stone Wall/Wall_SecondAge.fbx
  artifactKey: Guid(9072dab92254a8546bb94238c9f1fa3b) Importer(815301076,1909f56bfc062723c751e8b465ee728b)
Start importing Assets/Imports/Ultimate Fantasy RTS-zip/Stone Wall/Wall_SecondAge.fbx using Guid(9072dab92254a8546bb94238c9f1fa3b) Importer(815301076,1909f56bfc062723c751e8b465ee728b)  -> (artifact id: 'ac6f6f5b2c591c29d91fe4e2200da09e') in 0.046878 seconds 
========================================================================
Received Import Request.
  Time since last request: 0.000036 seconds.
  path: Assets/Imports/kenney_fantasy-town-kit/Models/FBX format/wallWoodWindowStone.fbx
  artifactKey: Guid(64b9efefe77ede54c93315575d4546ea) Importer(815301076,1909f56bfc062723c751e8b465ee728b)
Start importing Assets/Imports/kenney_fantasy-town-kit/Models/FBX format/wallWoodWindowStone.fbx using Guid(64b9efefe77ede54c93315575d4546ea) Importer(815301076,1909f56bfc062723c751e8b465ee728b)  -> (artifact id: '7c935f4099f612dc4d5a0c3666e3514b') in 0.055826 seconds 
========================================================================
Received Import Request.
  Time since last request: 0.000026 seconds.
  path: Assets/Imports/kenney_fantasy-town-kit/Models/FBX format/watermill.fbx
  artifactKey: Guid(4e4b5ffc57b4d1c41be58b24825efc5e) Importer(815301076,1909f56bfc062723c751e8b465ee728b)
Start importing Assets/Imports/kenney_fantasy-town-kit/Models/FBX format/watermill.fbx using Guid(4e4b5ffc57b4d1c41be58b24825efc5e) Importer(815301076,1909f56bfc062723c751e8b465ee728b)  -> (artifact id: '0ef9975a2529f6fac37d84bc6f27560c') in 0.129579 seconds 
========================================================================
Received Import Request.
  Time since last request: 0.000029 seconds.
  path: Assets/Imports/Ultimate Fantasy RTS-zip/Business Building/Storage_SecondAge_Level3.fbx
  artifactKey: Guid(8ad1e36f47dc8bd4fa443f0ca8dbfe4f) Importer(815301076,1909f56bfc062723c751e8b465ee728b)
Start importing Assets/Imports/Ultimate Fantasy RTS-zip/Business Building/Storage_SecondAge_Level3.fbx using Guid(8ad1e36f47dc8bd4fa443f0ca8dbfe4f) Importer(815301076,1909f56bfc062723c751e8b465ee728b)  -> (artifact id: '09bcffdf61bad89028a9882edfc935a7') in 0.090519 seconds 
========================================================================
Received Import Request.
  Time since last request: 0.000035 seconds.
  path: Assets/Imports/kenney_fantasy-town-kit/Models/FBX format/watermillWide.fbx
  artifactKey: Guid(96a9dbcb3ac22c349a4882d469a1498f) Importer(815301076,1909f56bfc062723c751e8b465ee728b)
Start importing Assets/Imports/kenney_fantasy-town-kit/Models/FBX format/watermillWide.fbx using Guid(96a9dbcb3ac22c349a4882d469a1498f) Importer(815301076,1909f56bfc062723c751e8b465ee728b)  -> (artifact id: '5bfdeb3ff8ac49f2caf64fa755705d4d') in 0.132383 seconds 
========================================================================
Received Import Request.
  Time since last request: 0.000023 seconds.
  path: Assets/Imports/Ultimate Fantasy RTS-zip/Small Watch Tower/WatchTower_FirstAge_Level1.fbx
  artifactKey: Guid(964364fb8ab8953488f5acce2ccbfa0b) Importer(815301076,1909f56bfc062723c751e8b465ee728b)
Start importing Assets/Imports/Ultimate Fantasy RTS-zip/Small Watch Tower/WatchTower_FirstAge_Level1.fbx using Guid(964364fb8ab8953488f5acce2ccbfa0b) Importer(815301076,1909f56bfc062723c751e8b465ee728b)  -> (artifact id: 'fecbbba6dad65f806e4f666d099a3702') in 0.053687 seconds 
========================================================================
Received Import Request.
  Time since last request: 0.000026 seconds.
  path: Assets/Imports/Ultimate Fantasy RTS-zip/Stone Wall Towers/WallTowers_SecondAge.fbx
  artifactKey: Guid(366a112d874228945958dbe5b2ffb9b5) Importer(815301076,1909f56bfc062723c751e8b465ee728b)
Start importing Assets/Imports/Ultimate Fantasy RTS-zip/Stone Wall Towers/WallTowers_SecondAge.fbx using Guid(366a112d874228945958dbe5b2ffb9b5) Importer(815301076,1909f56bfc062723c751e8b465ee728b)  -> (artifact id: 'dfde7bce5c18920a47a333cc22bc8aeb') in 0.055059 seconds 
========================================================================
Received Import Request.
  Time since last request: 0.000071 seconds.
  path: Assets/Imports/Ultimate Fantasy RTS-zip/Temple-nR264crTSr/Temple_FirstAge_Level1.fbx
  artifactKey: Guid(bd99bc146be7655498d5ccda5ada9a10) Importer(815301076,1909f56bfc062723c751e8b465ee728b)
Start importing Assets/Imports/Ultimate Fantasy RTS-zip/Temple-nR264crTSr/Temple_FirstAge_Level1.fbx using Guid(bd99bc146be7655498d5ccda5ada9a10) Importer(815301076,1909f56bfc062723c751e8b465ee728b)  -> (artifact id: 'ab59f4e143471392cb1dfa009a3e7e28') in 0.058772 seconds 
========================================================================
Received Import Request.
  Time since last request: 0.000024 seconds.
  path: Assets/Imports/Medieval Village Pack-zip (1)/Barrel/Barrel.fbx
  artifactKey: Guid(4e30dc1bc444b8d4187fb63228730e97) Importer(815301076,1909f56bfc062723c751e8b465ee728b)
Start importing Assets/Imports/Medieval Village Pack-zip (1)/Barrel/Barrel.fbx using Guid(4e30dc1bc444b8d4187fb63228730e97) Importer(815301076,1909f56bfc062723c751e8b465ee728b)  -> (artifact id: 'bc98aa54b71842c71cd5693981508450') in 0.054277 seconds 
========================================================================
Received Import Request.
  Time since last request: 0.000024 seconds.
  path: Assets/Imports/Ultimate Fantasy RTS-zip/House/Houses_SecondAge_2_Level1.fbx
  artifactKey: Guid(ae1e50c158856534e922623f0222aa67) Importer(815301076,1909f56bfc062723c751e8b465ee728b)
Start importing Assets/Imports/Ultimate Fantasy RTS-zip/House/Houses_SecondAge_2_Level1.fbx using Guid(ae1e50c158856534e922623f0222aa67) Importer(815301076,1909f56bfc062723c751e8b465ee728b)  -> (artifact id: '39fb153805a0deeb4a700c71688bbb15') in 0.068079 seconds 
========================================================================
Received Import Request.
  Time since last request: 0.000028 seconds.
  path: Assets/Imports/Ultimate Fantasy RTS-zip/Watch Tower-cMxuj2gt7D/WatchTower_SecondAge_Level3.fbx
  artifactKey: Guid(561a8d7ae9c66624bad96410ca707ecd) Importer(815301076,1909f56bfc062723c751e8b465ee728b)
Start importing Assets/Imports/Ultimate Fantasy RTS-zip/Watch Tower-cMxuj2gt7D/WatchTower_SecondAge_Level3.fbx using Guid(561a8d7ae9c66624bad96410ca707ecd) Importer(815301076,1909f56bfc062723c751e8b465ee728b)  -> (artifact id: '970849211371ef6402fdeca4256d0dde') in 0.069456 seconds 
========================================================================
Received Import Request.
  Time since last request: 0.000035 seconds.
  path: Assets/Imports/Ultimate Fantasy RTS-zip/Stone Tower/WatchTower_SecondAge_Level2.fbx
  artifactKey: Guid(f3e6dff5944967346b773e49e8b897fd) Importer(815301076,1909f56bfc062723c751e8b465ee728b)
Start importing Assets/Imports/Ultimate Fantasy RTS-zip/Stone Tower/WatchTower_SecondAge_Level2.fbx using Guid(f3e6dff5944967346b773e49e8b897fd) Importer(815301076,1909f56bfc062723c751e8b465ee728b)  -> (artifact id: '19caf2b8e850154f6c840378e4d51389') in 0.068095 seconds 
========================================================================
Received Import Request.
  Time since last request: 0.000027 seconds.
  path: Assets/Imports/Ultimate Fantasy RTS-zip/Watch Tower/WatchTower_FirstAge_Level3.fbx
  artifactKey: Guid(6e7020c6fecfacf4ab09c332d8d2249c) Importer(815301076,1909f56bfc062723c751e8b465ee728b)
Start importing Assets/Imports/Ultimate Fantasy RTS-zip/Watch Tower/WatchTower_FirstAge_Level3.fbx using Guid(6e7020c6fecfacf4ab09c332d8d2249c) Importer(815301076,1909f56bfc062723c751e8b465ee728b)  -> (artifact id: 'abed7afc311eece3c5baacebe4fff30c') in 0.055842 seconds 
========================================================================
Received Import Request.
  Time since last request: 0.000024 seconds.
  path: Assets/Imports/Ultimate Fantasy RTS-zip/Village Market/Market_FirstAge_Level3.fbx
  artifactKey: Guid(aa12e953a0b43744fa0944d79e59c133) Importer(815301076,1909f56bfc062723c751e8b465ee728b)
Start importing Assets/Imports/Ultimate Fantasy RTS-zip/Village Market/Market_FirstAge_Level3.fbx using Guid(aa12e953a0b43744fa0944d79e59c133) Importer(815301076,1909f56bfc062723c751e8b465ee728b)  -> (artifact id: 'd2ce3bf0529e4cad76685499aa8000a7') in 0.083146 seconds 
========================================================================
Received Import Request.
  Time since last request: 0.000049 seconds.
  path: Assets/Imports/kenney_fantasy-town-kit/Models/FBX format/wallWoodDoorwaySquare.fbx
  artifactKey: Guid(8e8d3ae290019394b93ea7f26c9331cf) Importer(815301076,1909f56bfc062723c751e8b465ee728b)
Start importing Assets/Imports/kenney_fantasy-town-kit/Models/FBX format/wallWoodDoorwaySquare.fbx using Guid(8e8d3ae290019394b93ea7f26c9331cf) Importer(815301076,1909f56bfc062723c751e8b465ee728b)  -> (artifact id: '07eb47fba4ec7e064e137f69c98c9496') in 0.046631 seconds 
========================================================================
Received Import Request.
  Time since last request: 0.000034 seconds.
  path: Assets/Imports/Ultimate Fantasy RTS-zip/Storage Shed/Storage_SecondAge_Level1.fbx
  artifactKey: Guid(15c01489a6078c14d9b7bfc81daa3b14) Importer(815301076,1909f56bfc062723c751e8b465ee728b)
Start importing Assets/Imports/Ultimate Fantasy RTS-zip/Storage Shed/Storage_SecondAge_Level1.fbx using Guid(15c01489a6078c14d9b7bfc81daa3b14) Importer(815301076,1909f56bfc062723c751e8b465ee728b)  -> (artifact id: '884aabcac9a954e3f188a21b0d0b236e') in 0.082269 seconds 
========================================================================
Received Import Request.
  Time since last request: 0.000024 seconds.
  path: Assets/Imports/Ultimate Fantasy RTS-zip/Wonder First Age Leve/Wonder_FirstAge_Level3.fbx
  artifactKey: Guid(864020bd3d1d39949bbf167553153677) Importer(815301076,1909f56bfc062723c751e8b465ee728b)
Start importing Assets/Imports/Ultimate Fantasy RTS-zip/Wonder First Age Leve/Wonder_FirstAge_Level3.fbx using Guid(864020bd3d1d39949bbf167553153677) Importer(815301076,1909f56bfc062723c751e8b465ee728b)  -> (artifact id: 'c7292e86935ad93d89afd3493388d33c') in 0.059150 seconds 
========================================================================
Received Import Request.
  Time since last request: 0.000025 seconds.
  path: Assets/Imports/kenney_fantasy-town-kit/Models/FBX format/wallWoodHalf.fbx
  artifactKey: Guid(4ae4870f05db54042b63581a04fb4e94) Importer(815301076,1909f56bfc062723c751e8b465ee728b)
Start importing Assets/Imports/kenney_fantasy-town-kit/Models/FBX format/wallWoodHalf.fbx using Guid(4ae4870f05db54042b63581a04fb4e94) Importer(815301076,1909f56bfc062723c751e8b465ee728b)  -> (artifact id: 'cbd93b888c61a6095659babe025746f4') in 0.049635 seconds 
========================================================================
Received Import Request.
  Time since last request: 0.000028 seconds.
  path: Assets/Imports/kenney_fantasy-town-kit/Models/FBX format/wallWoodWindowShutters.fbx
  artifactKey: Guid(8ebfe2bfea9d6434ba534ed068d51252) Importer(815301076,1909f56bfc062723c751e8b465ee728b)
Start importing Assets/Imports/kenney_fantasy-town-kit/Models/FBX format/wallWoodWindowShutters.fbx using Guid(8ebfe2bfea9d6434ba534ed068d51252) Importer(815301076,1909f56bfc062723c751e8b465ee728b)  -> (artifact id: '6e9c9d90589289e4841c501a1b001988') in 0.049417 seconds 
========================================================================
Received Import Request.
  Time since last request: 0.000036 seconds.
  path: Assets/Imports/kenney_fantasy-town-kit/Models/FBX format/wallWoodBroken.fbx
  artifactKey: Guid(915c005c2ec634c4d888d89f4df9a666) Importer(815301076,1909f56bfc062723c751e8b465ee728b)
Start importing Assets/Imports/kenney_fantasy-town-kit/Models/FBX format/wallWoodBroken.fbx using Guid(915c005c2ec634c4d888d89f4df9a666) Importer(815301076,1909f56bfc062723c751e8b465ee728b)  -> (artifact id: '39931b65ebba287f8d3326a745f0f3f6') in 0.050418 seconds 
========================================================================
Received Import Request.
  Time since last request: 0.000024 seconds.
  path: Assets/Imports/kenney_fantasy-town-kit/Models/FBX format/wallWoodDoorwaySquareWide.fbx
  artifactKey: Guid(5ac5346be613e1f42909324c570f5351) Importer(815301076,1909f56bfc062723c751e8b465ee728b)
Start importing Assets/Imports/kenney_fantasy-town-kit/Models/FBX format/wallWoodDoorwaySquareWide.fbx using Guid(5ac5346be613e1f42909324c570f5351) Importer(815301076,1909f56bfc062723c751e8b465ee728b)  -> (artifact id: 'ad5f2303f347c73f0e6c682152b8fc36') in 0.056792 seconds 
========================================================================
Received Import Request.
  Time since last request: 0.000024 seconds.
  path: Assets/Imports/Ultimate Fantasy RTS-zip/House/Houses_SecondAge_1_Level1.fbx
  artifactKey: Guid(8e3e6ce7417756647a4281bdb593353e) Importer(815301076,1909f56bfc062723c751e8b465ee728b)
Start importing Assets/Imports/Ultimate Fantasy RTS-zip/House/Houses_SecondAge_1_Level1.fbx using Guid(8e3e6ce7417756647a4281bdb593353e) Importer(815301076,1909f56bfc062723c751e8b465ee728b)  -> (artifact id: '363f60ca46a3cb5c9dbf3814a4264bb8') in 0.071143 seconds 
========================================================================
Received Import Request.
  Time since last request: 0.000025 seconds.
  path: Assets/Imports/Ultimate Fantasy RTS-zip/House-k6tP5nFUd2/Houses_SecondAge_2_Level2.fbx
  artifactKey: Guid(85c2f8c63deb04b4ca3fa4725baaa571) Importer(815301076,1909f56bfc062723c751e8b465ee728b)
Start importing Assets/Imports/Ultimate Fantasy RTS-zip/House-k6tP5nFUd2/Houses_SecondAge_2_Level2.fbx using Guid(85c2f8c63deb04b4ca3fa4725baaa571) Importer(815301076,1909f56bfc062723c751e8b465ee728b)  -> (artifact id: '35f15151cc94f17b4975edd760ed57c7') in 0.063198 seconds 
========================================================================
Received Import Request.
  Time since last request: 0.000029 seconds.
  path: Assets/Imports/Ultimate Fantasy RTS-zip/Wooden house tower/TowerHouse_FirstAge.fbx
  artifactKey: Guid(8574be9dbb76cf447b8cb2393fb40a5d) Importer(815301076,1909f56bfc062723c751e8b465ee728b)
Start importing Assets/Imports/Ultimate Fantasy RTS-zip/Wooden house tower/TowerHouse_FirstAge.fbx using Guid(8574be9dbb76cf447b8cb2393fb40a5d) Importer(815301076,1909f56bfc062723c751e8b465ee728b)  -> (artifact id: '2f7b08e4e06801c5d25c6448fcc92ce5') in 0.064524 seconds 
========================================================================
Received Import Request.
  Time since last request: 0.000034 seconds.
  path: Assets/Imports/Ultimate Fantasy RTS-zip/Windmill/Windmill_FirstAge.fbx
  artifactKey: Guid(8454a4951e0be1a499ed2b765ccd567a) Importer(815301076,1909f56bfc062723c751e8b465ee728b)
Start importing Assets/Imports/Ultimate Fantasy RTS-zip/Windmill/Windmill_FirstAge.fbx using Guid(8454a4951e0be1a499ed2b765ccd567a) Importer(815301076,1909f56bfc062723c751e8b465ee728b)  -> (artifact id: '37b0714eddf920f53e78c8c02bca77be') in 0.065793 seconds 
========================================================================
Received Import Request.
  Time since last request: 0.000024 seconds.
  path: Assets/Imports/Ultimate Fantasy RTS-zip/Wooden Wall/Wall_FirstAge.fbx
  artifactKey: Guid(1f44c2100495f694ea0ea6834c84d69a) Importer(815301076,1909f56bfc062723c751e8b465ee728b)
Start importing Assets/Imports/Ultimate Fantasy RTS-zip/Wooden Wall/Wall_FirstAge.fbx using Guid(1f44c2100495f694ea0ea6834c84d69a) Importer(815301076,1909f56bfc062723c751e8b465ee728b)  -> (artifact id: '213cc63d4f24b3644256c67453cf3317') in 0.049488 seconds 
========================================================================
Received Import Request.
  Time since last request: 0.000024 seconds.
  path: Assets/Imports/Ultimate Fantasy RTS-zip/Small Farm/Farm_SecondAge_Level1.fbx
  artifactKey: Guid(fb4fe6f0410e95541af2b74c9a96712b) Importer(815301076,1909f56bfc062723c751e8b465ee728b)
Start importing Assets/Imports/Ultimate Fantasy RTS-zip/Small Farm/Farm_SecondAge_Level1.fbx using Guid(fb4fe6f0410e95541af2b74c9a96712b) Importer(815301076,1909f56bfc062723c751e8b465ee728b)  -> (artifact id: '770b44a26cf974d73b450f3c46a00619') in 0.087603 seconds 
========================================================================
Received Import Request.
  Time since last request: 0.000028 seconds.
  path: Assets/Imports/Ultimate Fantasy RTS-zip/Trees/Resource_Tree_Group.fbx
  artifactKey: Guid(d5849da21ee90ae4ca60b660d1f50f4a) Importer(815301076,1909f56bfc062723c751e8b465ee728b)
Start importing Assets/Imports/Ultimate Fantasy RTS-zip/Trees/Resource_Tree_Group.fbx using Guid(d5849da21ee90ae4ca60b660d1f50f4a) Importer(815301076,1909f56bfc062723c751e8b465ee728b)  -> (artifact id: '1be1499ba1fe6d709d6dc9f91f7d77e9') in 0.053597 seconds 
========================================================================
Received Import Request.
  Time since last request: 0.000034 seconds.
  path: Assets/Imports/Ultimate Fantasy RTS-zip/Stone Tower/WatchTower_SecondAge_Level1.fbx
  artifactKey: Guid(f1bcb48222fcb334ba2f6a6748984394) Importer(815301076,1909f56bfc062723c751e8b465ee728b)
Start importing Assets/Imports/Ultimate Fantasy RTS-zip/Stone Tower/WatchTower_SecondAge_Level1.fbx using Guid(f1bcb48222fcb334ba2f6a6748984394) Importer(815301076,1909f56bfc062723c751e8b465ee728b)  -> (artifact id: '013ce2460a2ed97edd740e7fd46ea7e0') in 0.075804 seconds 
========================================================================
Received Import Request.
  Time since last request: 0.000031 seconds.
  path: Assets/Imports/kenney_fantasy-town-kit/Models/FBX format/wallWoodRounded.fbx
  artifactKey: Guid(3d9c921946e3847408b981283598171c) Importer(815301076,1909f56bfc062723c751e8b465ee728b)
Start importing Assets/Imports/kenney_fantasy-town-kit/Models/FBX format/wallWoodRounded.fbx using Guid(3d9c921946e3847408b981283598171c) Importer(815301076,1909f56bfc062723c751e8b465ee728b)  -> (artifact id: '7e8a82fc962c40f6b5dcddbcc1f79211') in 0.049477 seconds 
========================================================================
Received Import Request.
  Time since last request: 0.000023 seconds.
  path: Assets/Imports/Ultimate Fantasy RTS-zip/House-RSwoYSLblu/Houses_SecondAge_1_Level2.fbx
  artifactKey: Guid(b7e7ab0339ef9b64581283c6e0c11b9f) Importer(815301076,1909f56bfc062723c751e8b465ee728b)
Start importing Assets/Imports/Ultimate Fantasy RTS-zip/House-RSwoYSLblu/Houses_SecondAge_1_Level2.fbx using Guid(b7e7ab0339ef9b64581283c6e0c11b9f) Importer(815301076,1909f56bfc062723c751e8b465ee728b)  -> (artifact id: 'f1902419318ead462b5d51811170d433') in 0.074328 seconds 
========================================================================
Received Import Request.
  Time since last request: 0.000036 seconds.
  path: Assets/Imports/Ultimate Fantasy RTS-zip/Shipping Port/Port_FirstAge_Level1.fbx
  artifactKey: Guid(5ca1a3651352f6842b2c15cc5dc803d8) Importer(815301076,1909f56bfc062723c751e8b465ee728b)
Start importing Assets/Imports/Ultimate Fantasy RTS-zip/Shipping Port/Port_FirstAge_Level1.fbx using Guid(5ca1a3651352f6842b2c15cc5dc803d8) Importer(815301076,1909f56bfc062723c751e8b465ee728b)  -> (artifact id: '04a0de33e3c2e2d7a8902461a8bf55eb') in 0.067189 seconds 
========================================================================
Received Import Request.
  Time since last request: 0.000036 seconds.
  path: Assets/Imports/kenney_fantasy-town-kit/Models/FBX format/wallWoodBlock.fbx
  artifactKey: Guid(1ad1b61fa3ab6b14293037d659a510e2) Importer(815301076,1909f56bfc062723c751e8b465ee728b)
Start importing Assets/Imports/kenney_fantasy-town-kit/Models/FBX format/wallWoodBlock.fbx using Guid(1ad1b61fa3ab6b14293037d659a510e2) Importer(815301076,1909f56bfc062723c751e8b465ee728b)  -> (artifact id: 'c1f08c09ab3b808c2c51b34301fa62ee') in 0.053656 seconds 
========================================================================
Received Import Request.
  Time since last request: 0.000029 seconds.
  path: Assets/Imports/Ultimate Fantasy RTS-zip/Trees cut/Resource_Tree_Group_Cut.fbx
  artifactKey: Guid(4f961944a6fcb23478f0ac3e901bc39a) Importer(815301076,1909f56bfc062723c751e8b465ee728b)
Start importing Assets/Imports/Ultimate Fantasy RTS-zip/Trees cut/Resource_Tree_Group_Cut.fbx using Guid(4f961944a6fcb23478f0ac3e901bc39a) Importer(815301076,1909f56bfc062723c751e8b465ee728b)  -> (artifact id: '81b7165f30de43d81e8efd4009bf5b56') in 0.048430 seconds 
========================================================================
Received Import Request.
  Time since last request: 0.000041 seconds.
  path: Assets/Imports/Ultimate Fantasy RTS-zip/Wodden Temple/Temple_FirstAge_Level2.fbx
  artifactKey: Guid(ee0d6624701210a41af2cf52cb0fa08e) Importer(815301076,1909f56bfc062723c751e8b465ee728b)
Start importing Assets/Imports/Ultimate Fantasy RTS-zip/Wodden Temple/Temple_FirstAge_Level2.fbx using Guid(ee0d6624701210a41af2cf52cb0fa08e) Importer(815301076,1909f56bfc062723c751e8b465ee728b)  -> (artifact id: '918f7927f7a0c3f4d50623aef9e71ad1') in 0.059993 seconds 
========================================================================
Received Import Request.
  Time since last request: 0.000023 seconds.
  path: Assets/Imports/Ultimate Fantasy RTS-zip/Temple First Age Leve/Temple_FirstAge_Level3.fbx
  artifactKey: Guid(a44fe47faea67bf41a0ddf1e754272eb) Importer(815301076,1909f56bfc062723c751e8b465ee728b)
Start importing Assets/Imports/Ultimate Fantasy RTS-zip/Temple First Age Leve/Temple_FirstAge_Level3.fbx using Guid(a44fe47faea67bf41a0ddf1e754272eb) Importer(815301076,1909f56bfc062723c751e8b465ee728b)  -> (artifact id: '3f0e829314633aee6b69d5d521dd5f8a') in 0.059007 seconds 
========================================================================
Received Import Request.
  Time since last request: 0.000027 seconds.
  path: Assets/Imports/Ultimate Fantasy RTS-zip/Town Center/TownCenter_FirstAge_Level1.fbx
  artifactKey: Guid(354d677138bc3a844828f7e398f71db7) Importer(815301076,1909f56bfc062723c751e8b465ee728b)
Start importing Assets/Imports/Ultimate Fantasy RTS-zip/Town Center/TownCenter_FirstAge_Level1.fbx using Guid(354d677138bc3a844828f7e398f71db7) Importer(815301076,1909f56bfc062723c751e8b465ee728b)  -> (artifact id: '88fda222b4d2922a59b220dcaeaa8513') in 0.046881 seconds 
========================================================================
Received Import Request.
  Time since last request: 0.000036 seconds.
  path: Assets/Imports/kenney_fantasy-town-kit/Models/FBX format/wallWoodArchTopDetail.fbx
  artifactKey: Guid(33c5297517703654eab00ec4ceed2f1c) Importer(815301076,1909f56bfc062723c751e8b465ee728b)
Start importing Assets/Imports/kenney_fantasy-town-kit/Models/FBX format/wallWoodArchTopDetail.fbx using Guid(33c5297517703654eab00ec4ceed2f1c) Importer(815301076,1909f56bfc062723c751e8b465ee728b)  -> (artifact id: 'b1a9a50c935a5b4ae8720d843cd6b4f2') in 0.055586 seconds 
========================================================================
Received Import Request.
  Time since last request: 0.000023 seconds.
  path: Assets/Imports/kenney_fantasy-town-kit/Models/FBX format/wallWoodSide.fbx
  artifactKey: Guid(e6dbcec447a0d5f4fb361f0b8d0a11f5) Importer(815301076,1909f56bfc062723c751e8b465ee728b)
Start importing Assets/Imports/kenney_fantasy-town-kit/Models/FBX format/wallWoodSide.fbx using Guid(e6dbcec447a0d5f4fb361f0b8d0a11f5) Importer(815301076,1909f56bfc062723c751e8b465ee728b)  -> (artifact id: '10d185ff48ae75a44533e0c0108a3055') in 0.048004 seconds 
========================================================================
Received Import Request.
  Time since last request: 0.000024 seconds.
  path: Assets/Imports/Ultimate Fantasy RTS-zip/House/Houses_SecondAge_1_Level3.fbx
  artifactKey: Guid(40eb494adf2c6474e8a19e6621c1d923) Importer(815301076,1909f56bfc062723c751e8b465ee728b)
Start importing Assets/Imports/Ultimate Fantasy RTS-zip/House/Houses_SecondAge_1_Level3.fbx using Guid(40eb494adf2c6474e8a19e6621c1d923) Importer(815301076,1909f56bfc062723c751e8b465ee728b)  -> (artifact id: '60c3390912120a5a50e17fe6c42d0896') in 0.077995 seconds 
========================================================================
Received Import Request.
  Time since last request: 0.000027 seconds.
  path: Assets/Imports/kenney_fantasy-town-kit/Models/FBX format/wheel.fbx
  artifactKey: Guid(a16d52b08dabefd49b90a78f3fa3da93) Importer(815301076,1909f56bfc062723c751e8b465ee728b)
Start importing Assets/Imports/kenney_fantasy-town-kit/Models/FBX format/wheel.fbx using Guid(a16d52b08dabefd49b90a78f3fa3da93) Importer(815301076,1909f56bfc062723c751e8b465ee728b)  -> (artifact id: 'b323e7a4969c3760ce03e57c1ac5f3f9') in 0.049711 seconds 
========================================================================
Received Import Request.
  Time since last request: 0.000036 seconds.
  path: Assets/Imports/kenney_fantasy-town-kit/Models/FBX format/windmill.fbx
  artifactKey: Guid(93f9357dfa719a14f953ef0ada346b4d) Importer(815301076,1909f56bfc062723c751e8b465ee728b)
Start importing Assets/Imports/kenney_fantasy-town-kit/Models/FBX format/windmill.fbx using Guid(93f9357dfa719a14f953ef0ada346b4d) Importer(815301076,1909f56bfc062723c751e8b465ee728b)  -> (artifact id: '6fe061409d4e243881f47f0cb3fffeaa') in 0.049189 seconds 
========================================================================
Received Import Request.
  Time since last request: 0.000032 seconds.
  path: Assets/Imports/Ultimate Fantasy RTS-zip/Houses/Houses_SecondAge_3_Level2.fbx
  artifactKey: Guid(0e3619c9a7159ba4581890e285c2af61) Importer(815301076,1909f56bfc062723c751e8b465ee728b)
Start importing Assets/Imports/Ultimate Fantasy RTS-zip/Houses/Houses_SecondAge_3_Level2.fbx using Guid(0e3619c9a7159ba4581890e285c2af61) Importer(815301076,1909f56bfc062723c751e8b465ee728b)  -> (artifact id: '031a7b73046fd0a459aca041166ba562') in 0.094125 seconds 
========================================================================
Received Import Request.
  Time since last request: 0.000024 seconds.
  path: Assets/Imports/Ultimate Fantasy RTS-zip/Watch Tower/WatchTower_FirstAge_Level2.fbx
  artifactKey: Guid(1e1cb9e7d3e33b448b3ae91ace963345) Importer(815301076,1909f56bfc062723c751e8b465ee728b)
Start importing Assets/Imports/Ultimate Fantasy RTS-zip/Watch Tower/WatchTower_FirstAge_Level2.fbx using Guid(1e1cb9e7d3e33b448b3ae91ace963345) Importer(815301076,1909f56bfc062723c751e8b465ee728b)  -> (artifact id: '1b2a0c7b208284cbc305050feb45f58a') in 0.048467 seconds 
========================================================================
Received Import Request.
  Time since last request: 0.000035 seconds.
  path: Assets/Imports/kenney_fantasy-town-kit/Models/FBX format/wallWoodWindowGlass.fbx
  artifactKey: Guid(b05cca69a66e8074fbefc63b83e15f80) Importer(815301076,1909f56bfc062723c751e8b465ee728b)
Start importing Assets/Imports/kenney_fantasy-town-kit/Models/FBX format/wallWoodWindowGlass.fbx using Guid(b05cca69a66e8074fbefc63b83e15f80) Importer(815301076,1909f56bfc062723c751e8b465ee728b)  -> (artifact id: 'de272de606739fe623d3db91adc0ff7d') in 0.051037 seconds 
========================================================================
Received Import Request.
  Time since last request: 0.000035 seconds.
  path: Assets/Imports/Ultimate Fantasy RTS-zip/Wall Towers/WallTowers_Door_FirstAge.fbx
  artifactKey: Guid(dae120e1e8ba69c49858ba7505edb319) Importer(815301076,1909f56bfc062723c751e8b465ee728b)
Start importing Assets/Imports/Ultimate Fantasy RTS-zip/Wall Towers/WallTowers_Door_FirstAge.fbx using Guid(dae120e1e8ba69c49858ba7505edb319) Importer(815301076,1909f56bfc062723c751e8b465ee728b)  -> (artifact id: '69341b516696632c731cdd82844a8584') in 0.050139 seconds 
========================================================================
Received Import Request.
  Time since last request: 0.000024 seconds.
  path: Assets/Imports/Ultimate Fantasy RTS-zip/Storage House/Storage_SecondAge_Level2.fbx
  artifactKey: Guid(f5203dc3f2e004a4fadfca4ec8f0f395) Importer(815301076,1909f56bfc062723c751e8b465ee728b)
Start importing Assets/Imports/Ultimate Fantasy RTS-zip/Storage House/Storage_SecondAge_Level2.fbx using Guid(f5203dc3f2e004a4fadfca4ec8f0f395) Importer(815301076,1909f56bfc062723c751e8b465ee728b)  -> (artifact id: 'fe9e26ba9c5975260c19ba77023d310c') in 0.090405 seconds 
========================================================================
Received Import Request.
  Time since last request: 0.000036 seconds.
  path: Assets/Imports/kenney_fantasy-town-kit/Models/FBX format/wallWoodDoorwayBase.fbx
  artifactKey: Guid(729e82f8aa31fb341832ce2d13934499) Importer(815301076,1909f56bfc062723c751e8b465ee728b)
Start importing Assets/Imports/kenney_fantasy-town-kit/Models/FBX format/wallWoodDoorwayBase.fbx using Guid(729e82f8aa31fb341832ce2d13934499) Importer(815301076,1909f56bfc062723c751e8b465ee728b)  -> (artifact id: '14538d2d0556dd5342482b5a3e706e66') in 0.054712 seconds 
========================================================================
Received Import Request.
  Time since last request: 0.000029 seconds.
  path: Assets/Imports/Ultimate Fantasy RTS-zip/Trees cut/Resource_PineTree_Group_Cut.fbx
  artifactKey: Guid(ac59f88a20402674f9971bb6aa0e4d42) Importer(815301076,1909f56bfc062723c751e8b465ee728b)
Start importing Assets/Imports/Ultimate Fantasy RTS-zip/Trees cut/Resource_PineTree_Group_Cut.fbx using Guid(ac59f88a20402674f9971bb6aa0e4d42) Importer(815301076,1909f56bfc062723c751e8b465ee728b)  -> (artifact id: '7c38eb12dca62569425d5d4870a44ba1') in 0.049294 seconds 
========================================================================
Received Import Request.
  Time since last request: 0.000035 seconds.
  path: Assets/Imports/kenney_fantasy-town-kit/Models/FBX format/wallWoodDoorwaySquareWideCurved.fbx
  artifactKey: Guid(4c8e270688f7c2242a390396f972173a) Importer(815301076,1909f56bfc062723c751e8b465ee728b)
Start importing Assets/Imports/kenney_fantasy-town-kit/Models/FBX format/wallWoodDoorwaySquareWideCurved.fbx using Guid(4c8e270688f7c2242a390396f972173a) Importer(815301076,1909f56bfc062723c751e8b465ee728b)  -> (artifact id: 'aacc2070a0a5bde70a94e370941b7ab2') in 0.053269 seconds 
========================================================================
Received Import Request.
  Time since last request: 0.000024 seconds.
  path: Assets/Imports/Ultimate Fantasy RTS-zip/Wooden Fortress Gate/WallTowers_DoorClosed_FirstAge.fbx
  artifactKey: Guid(a5f7f3c9003ec604c9cd7988b3bf6560) Importer(815301076,1909f56bfc062723c751e8b465ee728b)
Start importing Assets/Imports/Ultimate Fantasy RTS-zip/Wooden Fortress Gate/WallTowers_DoorClosed_FirstAge.fbx using Guid(a5f7f3c9003ec604c9cd7988b3bf6560) Importer(815301076,1909f56bfc062723c751e8b465ee728b)  -> (artifact id: '7e9bb338ba45dad1f4155b0588b4f9f0') in 0.048261 seconds 
========================================================================
Received Import Request.
  Time since last request: 0.000024 seconds.
  path: Assets/Imports/Ultimate Fantasy RTS-zip/Storage Shed/Storage_FirstAge_Leve3.fbx
  artifactKey: Guid(594cd5a6bcfd84b41adc99ca22cc7cf1) Importer(815301076,1909f56bfc062723c751e8b465ee728b)
Start importing Assets/Imports/Ultimate Fantasy RTS-zip/Storage Shed/Storage_FirstAge_Leve3.fbx using Guid(594cd5a6bcfd84b41adc99ca22cc7cf1) Importer(815301076,1909f56bfc062723c751e8b465ee728b)  -> (artifact id: 'd4504acac0adb990a73b9b5da081a0fe') in 0.049963 seconds 
========================================================================
Received Import Request.
  Time since last request: 0.000023 seconds.
  path: Assets/Imports/Ultimate Fantasy RTS-zip/Shipping Port/Port_FirstAge_Level3.fbx
  artifactKey: Guid(fc6513fed13df9a4d87724f83f939913) Importer(815301076,1909f56bfc062723c751e8b465ee728b)
Start importing Assets/Imports/Ultimate Fantasy RTS-zip/Shipping Port/Port_FirstAge_Level3.fbx using Guid(fc6513fed13df9a4d87724f83f939913) Importer(815301076,1909f56bfc062723c751e8b465ee728b)  -> (artifact id: '5cd2cd527dd77b9d00e36c97067ee75a') in 0.066221 seconds 
========================================================================
Received Import Request.
  Time since last request: 0.000030 seconds.
  path: Assets/Imports/Ultimate Fantasy RTS-zip/Castle/WonderWalls_SecondAge.fbx
  artifactKey: Guid(bc56836db99cef845a845be7fd35324d) Importer(815301076,1909f56bfc062723c751e8b465ee728b)
Start importing Assets/Imports/Ultimate Fantasy RTS-zip/Castle/WonderWalls_SecondAge.fbx using Guid(bc56836db99cef845a845be7fd35324d) Importer(815301076,1909f56bfc062723c751e8b465ee728b)  -> (artifact id: 'c7abc50405d55e8d2907b19f828a8f2d') in 0.063373 seconds 
========================================================================
Received Import Request.
  Time since last request: 0.000036 seconds.
  path: Assets/Imports/Ultimate Fantasy RTS-zip/Wooden Encampment/WonderWalls_FirstAge.fbx
  artifactKey: Guid(d9f2c2e49531e464c9ea5ec7f29a2489) Importer(815301076,1909f56bfc062723c751e8b465ee728b)
Start importing Assets/Imports/Ultimate Fantasy RTS-zip/Wooden Encampment/WonderWalls_FirstAge.fbx using Guid(d9f2c2e49531e464c9ea5ec7f29a2489) Importer(815301076,1909f56bfc062723c751e8b465ee728b)  -> (artifact id: '850d8931c30247a21fc73ae2cebebc46') in 0.058324 seconds 
========================================================================
Received Import Request.
  Time since last request: 0.000039 seconds.
  path: Assets/Imports/Ultimate Fantasy RTS-zip/Castle Gate/WallTowers_DoorClosed_SecondAge.fbx
  artifactKey: Guid(a139115657fc5eb4a9399cd2e9c83c9f) Importer(815301076,1909f56bfc062723c751e8b465ee728b)
Start importing Assets/Imports/Ultimate Fantasy RTS-zip/Castle Gate/WallTowers_DoorClosed_SecondAge.fbx using Guid(a139115657fc5eb4a9399cd2e9c83c9f) Importer(815301076,1909f56bfc062723c751e8b465ee728b)  -> (artifact id: 'f945849b92d88cf4896b70cd0061174c') in 0.060873 seconds 
========================================================================
Received Import Request.
  Time since last request: 0.000025 seconds.
  path: Assets/Imports/Ultimate Fantasy RTS-zip/Castle Fortress/Wonder_SecondAge_Level3.fbx
  artifactKey: Guid(3a6d623a3b987e4418f914188b7b30a6) Importer(815301076,1909f56bfc062723c751e8b465ee728b)
Start importing Assets/Imports/Ultimate Fantasy RTS-zip/Castle Fortress/Wonder_SecondAge_Level3.fbx using Guid(3a6d623a3b987e4418f914188b7b30a6) Importer(815301076,1909f56bfc062723c751e8b465ee728b)  -> (artifact id: '1ca6afa78b143b3c6da987facdebfa0f') in 0.068690 seconds 
========================================================================
Received Import Request.
  Time since last request: 0.000027 seconds.
  path: Assets/Imports/Ultimate Fantasy RTS-zip/Town Center-CoERW5nFdE/TownCenter_FirstAge_Level2.fbx
  artifactKey: Guid(b9472b1fa6a7ac748bcb8a99c8de1b22) Importer(815301076,1909f56bfc062723c751e8b465ee728b)
Start importing Assets/Imports/Ultimate Fantasy RTS-zip/Town Center-CoERW5nFdE/TownCenter_FirstAge_Level2.fbx using Guid(b9472b1fa6a7ac748bcb8a99c8de1b22) Importer(815301076,1909f56bfc062723c751e8b465ee728b)  -> (artifact id: 'a9946e8fc2944c704b232cafa5670692') in 0.065440 seconds 
========================================================================
Received Import Request.
  Time since last request: 0.000043 seconds.
  path: Assets/Imports/Ultimate Fantasy RTS-zip/Storage Shed/Storage_FirstAge_Level2.fbx
  artifactKey: Guid(492f391de46686b49855e84d89a73a8a) Importer(815301076,1909f56bfc062723c751e8b465ee728b)
Start importing Assets/Imports/Ultimate Fantasy RTS-zip/Storage Shed/Storage_FirstAge_Level2.fbx using Guid(492f391de46686b49855e84d89a73a8a) Importer(815301076,1909f56bfc062723c751e8b465ee728b)  -> (artifact id: '8c982171f8842572822ad68f94cfed83') in 0.057581 seconds 
========================================================================
Received Import Request.
  Time since last request: 0.000024 seconds.
  path: Assets/Imports/kenney_fantasy-town-kit/Models/FBX format/wallWoodWindowRound.fbx
  artifactKey: Guid(bf316036020dabc4b8c0da4d6bb3a664) Importer(815301076,1909f56bfc062723c751e8b465ee728b)
Start importing Assets/Imports/kenney_fantasy-town-kit/Models/FBX format/wallWoodWindowRound.fbx using Guid(bf316036020dabc4b8c0da4d6bb3a664) Importer(815301076,1909f56bfc062723c751e8b465ee728b)  -> (artifact id: '570926e8591d550c63ebc3b53ad4c49e') in 0.050412 seconds 
========================================================================
Received Import Request.
  Time since last request: 0.000023 seconds.
  path: Assets/Imports/kenney_fantasy-town-kit/Models/FBX format/wallWoodWindowSmall.fbx
  artifactKey: Guid(661f4b463637c474a8eacdba0dc7df23) Importer(815301076,1909f56bfc062723c751e8b465ee728b)
Start importing Assets/Imports/kenney_fantasy-town-kit/Models/FBX format/wallWoodWindowSmall.fbx using Guid(661f4b463637c474a8eacdba0dc7df23) Importer(815301076,1909f56bfc062723c751e8b465ee728b)  -> (artifact id: 'd6ddcef305f378fc78c958372e61e6e2') in 0.048984 seconds 
========================================================================
Received Import Request.
  Time since last request: 0.000024 seconds.
  path: Assets/Imports/kenney_fantasy-town-kit/Models/FBX format/wallWoodSlope.fbx
  artifactKey: Guid(912c56407b7e4bd4dbd7f41ab592b465) Importer(815301076,1909f56bfc062723c751e8b465ee728b)
Start importing Assets/Imports/kenney_fantasy-town-kit/Models/FBX format/wallWoodSlope.fbx using Guid(912c56407b7e4bd4dbd7f41ab592b465) Importer(815301076,1909f56bfc062723c751e8b465ee728b)  -> (artifact id: '0dc78ba4557fbd4cdd78050faab41c03') in 0.048665 seconds 
========================================================================
Received Import Request.
  Time since last request: 0.000028 seconds.
  path: Assets/Imports/kenney_fantasy-town-kit/Models/FBX format/wallWoodCorner.fbx
  artifactKey: Guid(ccea039076ffea04a9a8a74887e74927) Importer(815301076,1909f56bfc062723c751e8b465ee728b)
Start importing Assets/Imports/kenney_fantasy-town-kit/Models/FBX format/wallWoodCorner.fbx using Guid(ccea039076ffea04a9a8a74887e74927) Importer(815301076,1909f56bfc062723c751e8b465ee728b)  -> (artifact id: '643f96e436a6650d265d4edd875bd726') in 0.050320 seconds 
========================================================================
Received Import Request.
  Time since last request: 0.000037 seconds.
  path: Assets/Imports/Medieval Village Pack-zip (1)/Bell Tower/Bell_Tower.fbx
  artifactKey: Guid(1272209293eb73a4394510c1167d2cde) Importer(815301076,1909f56bfc062723c751e8b465ee728b)
Start importing Assets/Imports/Medieval Village Pack-zip (1)/Bell Tower/Bell_Tower.fbx using Guid(1272209293eb73a4394510c1167d2cde) Importer(815301076,1909f56bfc062723c751e8b465ee728b)  -> (artifact id: '5dd7fa9b6cce4afd84d94aa4fc070f03') in 0.109551 seconds 
